<?xml version="1.0" encoding="UTF-8"?>
<testsuite name="Cucumber" time="4.25" tests="1" skipped="0" failures="0" errors="0">
<testcase classname="Testing the webapp (list of colors)" name="Validation of no of colors present" time="3.996">
<system-out><![CDATA[
Given URL of application....................................................passed
When Validate the Green colour..............................................passed
And Validate the totalno of colurs..........................................passed
And add a new step..........................................................passed
Then Validate the title.....................................................passed
]]></system-out>
</testcase>
</testsuite>
